node:events:487
      throw er; // Unhandled 'error' event
      ^

Error: write EPIPE
    at afterWriteDispatched (node:internal/stream_base_commons:159:15)
    at writeGeneric (node:internal/stream_base_commons:150:3)
    at Socket._writeGeneric (node:net:1025:11)
    at Socket._write (node:net:1037:8)
    at writeOrBuffer (node:internal/streams/writable:572:12)
    at _write (node:internal/streams/writable:501:10)
    at Writable.write (node:internal/streams/writable:510:10)
    at Object.write (file:///Users/mat/Documents/code/astroBlog/node_modules/astro/dist/core/logger/impls/node.js:22:14)
    at log (file:///Users/mat/Documents/code/astroBlog/node_modules/astro/dist/core/logger/core.js:57:8)
    at info (file:///Users/mat/Documents/code/astroBlog/node_modules/astro/dist/core/logger/core.js:63:10)
Emitted 'error' event on Socket instance at:
    at emitErrorNT (node:internal/streams/destroy:170:8)
    at emitErrorCloseNT (node:internal/streams/destroy:129:3)
    at process.processTicksAndRejections (node:internal/process/task_queues:90:21) {
  errno: -32,
  code: 'EPIPE',
  syscall: 'write'
}

Node.js v26.3.0
